2018-11-30 09:20:12,525 logger.py INFO 旺店订单查询成功
2018-11-30 09:20:14,922 logger.py INFO 订单发货（旺店发货）数据查询成功
2018-11-30 09:21:31,006 logger.py [38] INFO 旺店订单查询成功
2018-11-30 09:21:33,065 logger.py [38] INFO 订单发货（旺店发货）数据查询成功
2018-11-30 09:47:26,285 logger.py INFO 旺店订单查询成功
2018-11-30 09:47:28,763 logger.py INFO 订单发货（旺店发货）数据查询成功
2018-11-30 09:47:50,499 logger.py [38] INFO 旺店订单查询成功
2018-11-30 09:47:52,718 logger.py [38] INFO 订单发货（旺店发货）数据查询成功
2018-11-30 09:52:52,136 logger.py [38] INFO 新增调拨单成功
2018-11-30 09:52:53,015 logger.py [38] INFO 调拨单审批成功
2018-11-30 09:52:53,123 logger.py [38] INFO 获取调拨单记录成功
2018-11-30 09:52:53,362 logger.py [38] INFO 新增库存盘点单成功
2018-11-30 09:52:53,452 logger.py [38] INFO 审核库存盘点单成功
2018-11-30 09:52:53,911 logger.py [44] ERROR 兑换货物单据新增失败:'1' != '0'
- 1
+ 0

2018-11-30 09:52:53,912 logger.py [44] ERROR A10086中柠檬茶库存不足！不能兑换
2018-11-30 09:52:54,145 logger.py [38] INFO 审批兑付货物成功
2018-11-30 09:52:54,303 logger.py [38] INFO 兑换货物数据查询成功
2018-11-30 09:52:54,670 logger.py [38] INFO 车辆盘点单新增成功
2018-11-30 09:52:54,744 logger.py [38] INFO 车辆盘点单审核成功
2018-11-30 09:52:55,615 logger.py [38] INFO 其他入库单查询成功
2018-11-30 09:52:56,137 logger.py [38] INFO 其他入库单新增成功
2018-11-30 09:52:56,231 logger.py [38] INFO 其他入库单审批成功
2018-11-30 09:52:57,085 logger.py [38] INFO 其他出库单查询成功
2018-11-30 09:52:57,384 logger.py [38] INFO 其他出库单新增成功
2018-11-30 09:52:57,517 logger.py [38] INFO 其他出库单审批成功
2018-11-30 09:52:57,941 logger.py [38] INFO 车销单数据查询成功
2018-11-30 09:54:46,963 logger.py [38] INFO 旺店订单查询成功
2018-11-30 09:54:48,978 logger.py [38] INFO 订单发货（旺店发货）数据查询成功
2018-11-30 09:55:09,785 logger.py [38] INFO 新增调拨单成功
2018-11-30 09:55:10,005 logger.py [38] INFO 调拨单审批成功
2018-11-30 09:55:10,088 logger.py [38] INFO 获取调拨单记录成功
2018-11-30 09:55:10,182 logger.py [38] INFO 新增库存盘点单成功
2018-11-30 09:55:10,224 logger.py [38] INFO 审核库存盘点单成功
2018-11-30 09:55:10,321 logger.py [44] ERROR 兑换货物单据新增失败:'1' != '0'
- 1
+ 0

2018-11-30 09:55:10,323 logger.py [44] ERROR A10086中柠檬茶库存不足！不能兑换
2018-11-30 09:55:10,484 logger.py [38] INFO 审批兑付货物成功
2018-11-30 09:55:10,622 logger.py [38] INFO 兑换货物数据查询成功
2018-11-30 09:55:10,797 logger.py [38] INFO 车辆盘点单新增成功
2018-11-30 09:55:10,848 logger.py [38] INFO 车辆盘点单审核成功
2018-11-30 09:55:11,651 logger.py [38] INFO 其他入库单查询成功
2018-11-30 09:55:11,953 logger.py [38] INFO 其他入库单新增成功
2018-11-30 09:55:12,010 logger.py [38] INFO 其他入库单审批成功
2018-11-30 09:55:12,802 logger.py [38] INFO 其他出库单查询成功
2018-11-30 09:55:12,995 logger.py [38] INFO 其他出库单新增成功
2018-11-30 09:55:13,097 logger.py [38] INFO 其他出库单审批成功
2018-11-30 09:55:13,464 logger.py [38] INFO 车销单数据查询成功
2018-11-30 09:57:29,410 logger.py [38] INFO 新增调拨单成功
2018-11-30 09:57:29,661 logger.py [38] INFO 调拨单审批成功
2018-11-30 09:57:29,762 logger.py [38] INFO 获取调拨单记录成功
2018-11-30 09:57:29,906 logger.py [38] INFO 新增库存盘点单成功
2018-11-30 09:57:29,953 logger.py [38] INFO 审核库存盘点单成功
2018-11-30 09:57:30,047 logger.py [44] ERROR 兑换货物单据新增失败:'1' != '0'
- 1
+ 0

2018-11-30 09:57:30,048 logger.py [44] ERROR A10086中柠檬茶库存不足！不能兑换
2018-11-30 09:57:30,121 logger.py [38] INFO 审批兑付货物成功
2018-11-30 09:57:30,235 logger.py [38] INFO 兑换货物数据查询成功
2018-11-30 09:57:30,402 logger.py [38] INFO 车辆盘点单新增成功
2018-11-30 09:57:30,458 logger.py [38] INFO 车辆盘点单审核成功
2018-11-30 09:57:31,246 logger.py [38] INFO 其他入库单查询成功
2018-11-30 09:57:31,686 logger.py [38] INFO 其他入库单新增成功
2018-11-30 09:57:31,784 logger.py [38] INFO 其他入库单审批成功
2018-11-30 09:57:32,619 logger.py [38] INFO 其他出库单查询成功
2018-11-30 09:57:32,796 logger.py [38] INFO 其他出库单新增成功
2018-11-30 09:57:32,886 logger.py [38] INFO 其他出库单审批成功
2018-11-30 09:57:33,266 logger.py [38] INFO 车销单数据查询成功
2018-11-30 09:57:33,682 logger.py [38] INFO 旺店订单查询成功
2018-11-30 09:57:35,556 logger.py [38] INFO 订单发货（旺店发货）数据查询成功
2018-11-30 13:55:45,083 - D:/code/openApi/case/test_order.py[line:45] - INFO: 旺店订单查询成功
2018-11-30 13:55:47,376 - D:/code/openApi/case/test_order.py[line:66] - INFO: 订单发货（旺店发货）数据查询成功
2018-11-30 13:56:15,624 - [line:45] - INFO: 旺店订单查询成功
2018-11-30 13:56:17,639 - [line:66] - INFO: 订单发货（旺店发货）数据查询成功
2018-11-30 13:57:31,827 - [line:45] - INFO: 旺店订单查询成功
2018-11-30 13:57:33,799 - [line:66] - INFO: 订单发货（旺店发货）数据查询成功
2018-11-30 13:57:50,150 - test_order.py - [line:45] - INFO: 旺店订单查询成功
2018-11-30 13:57:52,117 - test_order.py - [line:66] - INFO: 订单发货（旺店发货）数据查询成功
2018-11-30 14:01:39,811 - test_order.py - [line:45] - INFO: 旺店订单查询成功
2018-11-30 14:01:41,857 - test_order.py - [line:66] - INFO: 订单发货（旺店发货）数据查询成功
2018-11-30 14:03:12,938 - test_esss.py - [line:60] - INFO: 新增调拨单成功
2018-11-30 14:03:13,492 - test_esss.py - [line:85] - INFO: 调拨单审批成功
2018-11-30 14:03:13,585 - test_esss.py - [line:106] - INFO: 获取调拨单记录成功
2018-11-30 14:03:13,712 - test_esss.py - [line:138] - INFO: 新增库存盘点单成功
2018-11-30 14:03:13,801 - test_esss.py - [line:159] - INFO: 审核库存盘点单成功
2018-11-30 14:03:14,168 - test_esss.py - [line:194] - ERROR: 兑换货物单据新增失败:'1' != '0'
- 1
+ 0

2018-11-30 14:03:14,168 - test_esss.py - [line:195] - ERROR: A10086中柠檬茶库存不足！不能兑换
2018-11-30 14:03:14,295 - test_esss.py - [line:217] - INFO: 审批兑付货物成功
2018-11-30 14:03:14,443 - test_esss.py - [line:240] - INFO: 兑换货物数据查询成功
2018-11-30 14:03:14,761 - test_esss.py - [line:271] - INFO: 车辆盘点单新增成功
2018-11-30 14:03:14,826 - test_esss.py - [line:291] - INFO: 车辆盘点单审核成功
2018-11-30 14:03:15,670 - test_esss.py - [line:313] - INFO: 其他入库单查询成功
2018-11-30 14:03:16,073 - test_esss.py - [line:353] - INFO: 其他入库单新增成功
2018-11-30 14:03:16,153 - test_esss.py - [line:374] - INFO: 其他入库单审批成功
2018-11-30 14:03:17,068 - test_esss.py - [line:395] - INFO: 其他出库单查询成功
2018-11-30 14:03:17,374 - test_esss.py - [line:434] - INFO: 其他出库单新增成功
2018-11-30 14:03:17,495 - test_esss.py - [line:454] - INFO: 其他出库单审批成功
2018-11-30 14:03:17,898 - test_esss.py - [line:475] - INFO: 车销单数据查询成功
2018-11-30 14:03:25,275 - test_esss.py - [line:60] - INFO: 新增调拨单成功
2018-11-30 14:03:25,275 - test_esss.py - [line:60] - INFO: 新增调拨单成功
2018-11-30 14:03:25,485 - test_esss.py - [line:85] - INFO: 调拨单审批成功
2018-11-30 14:03:25,485 - test_esss.py - [line:85] - INFO: 调拨单审批成功
2018-11-30 14:03:25,540 - test_esss.py - [line:106] - INFO: 获取调拨单记录成功
2018-11-30 14:03:25,540 - test_esss.py - [line:106] - INFO: 获取调拨单记录成功
2018-11-30 14:03:25,623 - test_esss.py - [line:138] - INFO: 新增库存盘点单成功
2018-11-30 14:03:25,623 - test_esss.py - [line:138] - INFO: 新增库存盘点单成功
2018-11-30 14:03:25,667 - test_esss.py - [line:159] - INFO: 审核库存盘点单成功
2018-11-30 14:03:25,667 - test_esss.py - [line:159] - INFO: 审核库存盘点单成功
2018-11-30 14:03:25,768 - test_esss.py - [line:194] - ERROR: 兑换货物单据新增失败:'1' != '0'
- 1
+ 0

2018-11-30 14:03:25,768 - test_esss.py - [line:194] - ERROR: 兑换货物单据新增失败:'1' != '0'
- 1
+ 0

2018-11-30 14:03:25,768 - test_esss.py - [line:195] - ERROR: A10086中柠檬茶库存不足！不能兑换
2018-11-30 14:03:25,768 - test_esss.py - [line:195] - ERROR: A10086中柠檬茶库存不足！不能兑换
2018-11-30 14:03:25,833 - test_esss.py - [line:217] - INFO: 审批兑付货物成功
2018-11-30 14:03:25,833 - test_esss.py - [line:217] - INFO: 审批兑付货物成功
2018-11-30 14:03:25,922 - test_esss.py - [line:240] - INFO: 兑换货物数据查询成功
2018-11-30 14:03:25,922 - test_esss.py - [line:240] - INFO: 兑换货物数据查询成功
2018-11-30 14:03:26,088 - test_esss.py - [line:271] - INFO: 车辆盘点单新增成功
2018-11-30 14:03:26,088 - test_esss.py - [line:271] - INFO: 车辆盘点单新增成功
2018-11-30 14:03:26,142 - test_esss.py - [line:291] - INFO: 车辆盘点单审核成功
2018-11-30 14:03:26,142 - test_esss.py - [line:291] - INFO: 车辆盘点单审核成功
2018-11-30 14:03:26,875 - test_esss.py - [line:313] - INFO: 其他入库单查询成功
2018-11-30 14:03:26,875 - test_esss.py - [line:313] - INFO: 其他入库单查询成功
2018-11-30 14:03:27,327 - test_esss.py - [line:353] - INFO: 其他入库单新增成功
2018-11-30 14:03:27,327 - test_esss.py - [line:353] - INFO: 其他入库单新增成功
2018-11-30 14:03:27,386 - test_esss.py - [line:374] - INFO: 其他入库单审批成功
2018-11-30 14:03:27,386 - test_esss.py - [line:374] - INFO: 其他入库单审批成功
2018-11-30 14:03:28,236 - test_esss.py - [line:395] - INFO: 其他出库单查询成功
2018-11-30 14:03:28,236 - test_esss.py - [line:395] - INFO: 其他出库单查询成功
2018-11-30 14:03:28,450 - test_esss.py - [line:434] - INFO: 其他出库单新增成功
2018-11-30 14:03:28,450 - test_esss.py - [line:434] - INFO: 其他出库单新增成功
2018-11-30 14:03:28,556 - test_esss.py - [line:454] - INFO: 其他出库单审批成功
2018-11-30 14:03:28,556 - test_esss.py - [line:454] - INFO: 其他出库单审批成功
2018-11-30 14:03:28,924 - test_esss.py - [line:475] - INFO: 车销单数据查询成功
2018-11-30 14:03:28,924 - test_esss.py - [line:475] - INFO: 车销单数据查询成功
2018-11-30 14:03:29,308 - test_order.py - [line:45] - INFO: 旺店订单查询成功
2018-11-30 14:03:29,308 - test_order.py - [line:45] - INFO: 旺店订单查询成功
2018-11-30 14:03:31,329 - test_order.py - [line:66] - INFO: 订单发货（旺店发货）数据查询成功
2018-11-30 14:03:31,329 - test_order.py - [line:66] - INFO: 订单发货（旺店发货）数据查询成功
2018-11-30 14:04:27,587 logger.py [35] INFO 旺店订单查询成功
2018-11-30 14:04:29,538 logger.py [35] INFO 订单发货（旺店发货）数据查询成功
2018-11-30 17:57:08,681 logger.py [35] INFO 旺店订单查询成功
2018-11-30 17:57:10,831 logger.py [35] INFO 订单发货（旺店发货）数据查询成功
2018-11-30 17:57:24,913 logger.py [35] INFO 新增调拨单成功
2018-11-30 17:57:25,483 logger.py [35] INFO 调拨单审批成功
2018-11-30 17:57:25,596 logger.py [35] INFO 获取调拨单记录成功
2018-11-30 17:57:25,741 logger.py [35] INFO 新增库存盘点单成功
2018-11-30 17:57:25,843 logger.py [35] INFO 审核库存盘点单成功
2018-11-30 17:57:26,242 logger.py [41] ERROR 兑换货物单据新增失败:'1' != '0'
- 1
+ 0

2018-11-30 17:57:26,244 logger.py [41] ERROR A10086中柠檬茶库存不足！不能兑换
2018-11-30 17:57:26,371 logger.py [35] INFO 审批兑付货物成功
2018-11-30 17:57:26,517 logger.py [35] INFO 兑换货物数据查询成功
2018-11-30 17:57:26,837 logger.py [35] INFO 车辆盘点单新增成功
2018-11-30 17:57:26,902 logger.py [35] INFO 车辆盘点单审核成功
2018-11-30 17:57:27,774 logger.py [35] INFO 其他入库单查询成功
2018-11-30 17:57:28,174 logger.py [35] INFO 其他入库单新增成功
2018-11-30 17:57:28,377 logger.py [35] INFO 其他入库单审批成功
2018-11-30 17:57:29,258 logger.py [35] INFO 其他出库单查询成功
2018-11-30 17:57:29,549 logger.py [35] INFO 其他出库单新增成功
2018-11-30 17:57:29,662 logger.py [35] INFO 其他出库单审批成功
2018-11-30 17:57:30,048 logger.py [35] INFO 车销单数据查询成功
2018-11-30 18:03:53,505 logger.py [36] INFO 新增调拨单成功
2018-11-30 18:03:53,766 logger.py [36] INFO 调拨单审批成功
2018-11-30 18:03:53,863 logger.py [36] INFO 获取调拨单记录成功
2018-11-30 18:03:53,985 logger.py [36] INFO 新增库存盘点单成功
2018-11-30 18:03:54,035 logger.py [36] INFO 审核库存盘点单成功
2018-11-30 18:03:54,148 logger.py [42] ERROR 兑换货物单据新增失败:'1' != '0'
- 1
+ 0

2018-11-30 18:03:54,150 logger.py [42] ERROR A10086中柠檬茶库存不足！不能兑换
2018-11-30 18:03:54,241 logger.py [36] INFO 审批兑付货物成功
2018-11-30 18:03:54,385 logger.py [36] INFO 兑换货物数据查询成功
2018-11-30 18:03:54,615 logger.py [36] INFO 车辆盘点单新增成功
2018-11-30 18:03:54,683 logger.py [36] INFO 车辆盘点单审核成功
2018-11-30 18:03:55,506 logger.py [36] INFO 其他入库单查询成功
2018-11-30 18:03:55,686 logger.py [36] INFO 其他入库单新增成功
2018-11-30 18:03:55,742 logger.py [36] INFO 其他入库单审批成功
2018-11-30 18:03:56,498 logger.py [36] INFO 其他出库单查询成功
2018-11-30 18:03:56,615 logger.py [36] INFO 其他出库单新增成功
2018-11-30 18:03:56,693 logger.py [36] INFO 其他出库单审批成功
2018-11-30 18:03:57,039 logger.py [36] INFO 车销单数据查询成功
2018-11-30 18:03:57,463 logger.py [36] INFO 旺店订单查询成功
2018-11-30 18:03:59,500 logger.py [36] INFO 订单发货（旺店发货）数据查询成功
