2018-11-28 15:01:09,147 logger.py [line:37] INFO 获取调拨单记录成功
2018-11-28 15:05:07,237 logger.py [line:37] INFO 获取调拨单记录成功
2018-11-28 15:09:34,930 logger.py [line:37] INFO 获取调拨单记录成功
2018-11-28 15:25:49,675 logger.py [line:37] INFO 获取调拨单记录成功
2018-11-28 15:36:04,876 logger.py [line:43] ERROR 获取调拨单记录失败:'1' != '0'
- 1
+ 0

2018-11-28 15:36:33,840 logger.py [line:43] ERROR 获取调拨单记录失败:'1' != '0'
- 1
+ 0

2018-11-28 15:37:14,934 logger.py [line:37] INFO 获取调拨单记录成功
2018-11-28 15:39:58,230 logger.py [line:37] INFO 获取调拨单成功
2018-11-28 16:03:45,623 logger.py [line:37] INFO 调拨单审批成功
2018-11-28 16:12:44,888 logger.py [line:37] INFO 新增调拨单成功
2018-11-28 16:12:45,096 logger.py [line:37] INFO 调拨单审批成功
2018-11-28 16:12:45,112 logger.py [line:43] ERROR 获取调拨单记录失败:'102' != '0'
- 102
+ 0

2018-11-28 16:19:05,000 logger.py [line:37] INFO 新增调拨单成功
2018-11-28 16:19:05,018 logger.py [line:43] ERROR 调拨单审批失败:'102' != '0'
- 102
+ 0

2018-11-28 16:19:05,029 logger.py [line:43] ERROR 获取调拨单记录失败:'102' != '0'
- 102
+ 0

2018-11-28 16:21:12,013 logger.py [line:37] INFO 新增调拨单成功
2018-11-28 16:21:12,033 logger.py [line:43] ERROR 调拨单审批失败:'102' != '0'
- 102
+ 0

2018-11-28 16:21:12,045 logger.py [line:43] ERROR 获取调拨单记录失败:'102' != '0'
- 102
+ 0

2018-11-28 16:25:28,323 logger.py [line:37] INFO 新增调拨单成功
2018-11-28 16:25:28,541 logger.py [line:37] INFO 调拨单审批成功
2018-11-28 16:25:28,653 logger.py [line:37] INFO 获取调拨单记录成功
2018-11-28 16:27:52,153 logger.py [line:37] INFO 新增调拨单成功
2018-11-28 16:27:52,171 logger.py [line:43] ERROR 调拨单审批失败:'102' != '0'
- 102
+ 0

2018-11-28 16:27:52,185 logger.py [line:43] ERROR 获取调拨单记录失败:'102' != '0'
- 102
+ 0

2018-11-28 16:40:14,170 logger.py [line:37] INFO 新增调拨单成功
2018-11-28 16:40:14,189 logger.py [line:43] ERROR 调拨单审批失败:'102' != '0'
- 102
+ 0

2018-11-28 16:40:14,202 logger.py [line:43] ERROR 获取调拨单记录失败:'102' != '0'
- 102
+ 0

2018-11-28 16:40:14,223 logger.py [line:43] ERROR 新增库存盘点单失败:'102' != '0'
- 102
+ 0

2018-11-28 16:40:14,237 logger.py [line:43] ERROR 审核库存盘点单失败:'102' != '0'
- 102
+ 0

2018-11-28 16:42:37,142 logger.py [line:37] INFO 新增调拨单成功
2018-11-28 16:42:37,162 logger.py [line:43] ERROR 调拨单审批失败:'102' != '0'
- 102
+ 0

2018-11-28 16:42:37,174 logger.py [line:43] ERROR 获取调拨单记录失败:'102' != '0'
- 102
+ 0

2018-11-28 16:42:37,187 logger.py [line:43] ERROR 新增库存盘点单失败:'102' != '0'
- 102
+ 0

2018-11-28 16:42:37,201 logger.py [line:43] ERROR 审核库存盘点单失败:'102' != '0'
- 102
+ 0

2018-11-28 16:43:04,860 logger.py [line:37] INFO 新增调拨单成功
2018-11-28 16:43:05,130 logger.py [line:37] INFO 调拨单审批成功
2018-11-28 16:43:05,150 logger.py [line:43] ERROR 获取调拨单记录失败:'102' != '0'
- 102
+ 0

2018-11-28 16:43:05,168 logger.py [line:43] ERROR 新增库存盘点单失败:'102' != '0'
- 102
+ 0

2018-11-28 16:43:05,189 logger.py [line:43] ERROR 审核库存盘点单失败:'102' != '0'
- 102
+ 0

2018-11-28 16:44:50,203 logger.py [line:37] INFO 新增调拨单成功
2018-11-28 16:44:50,223 logger.py [line:43] ERROR 调拨单审批失败:'102' != '0'
- 102
+ 0

2018-11-28 16:44:50,236 logger.py [line:43] ERROR 获取调拨单记录失败:'102' != '0'
- 102
+ 0

2018-11-28 16:44:50,250 logger.py [line:43] ERROR 新增库存盘点单失败:'102' != '0'
- 102
+ 0

2018-11-28 16:44:50,266 logger.py [line:43] ERROR 审核库存盘点单失败:'102' != '0'
- 102
+ 0

2018-11-28 16:45:59,571 logger.py [line:37] INFO 新增调拨单成功
2018-11-28 16:46:15,624 logger.py [line:37] INFO 新增调拨单成功
2018-11-28 16:47:49,883 logger.py [line:37] INFO 新增调拨单成功
2018-11-28 16:47:50,062 logger.py [line:37] INFO 调拨单审批成功
2018-11-28 16:48:28,442 logger.py [line:37] INFO 新增调拨单成功
2018-11-28 16:48:28,655 logger.py [line:37] INFO 调拨单审批成功
2018-11-28 16:48:28,722 logger.py [line:37] INFO 获取调拨单记录成功
2018-11-28 16:49:14,441 logger.py [line:37] INFO 新增调拨单成功
2018-11-28 16:49:14,586 logger.py [line:37] INFO 调拨单审批成功
2018-11-28 16:49:14,645 logger.py [line:37] INFO 获取调拨单记录成功
2018-11-28 16:49:14,678 logger.py [line:43] ERROR 新增库存盘点单失败:'1' != '0'
- 1
+ 0

2018-11-28 17:17:13,147 logger.py [line:37] INFO 新增调拨单成功
2018-11-28 17:17:13,167 logger.py [line:43] ERROR 调拨单审批失败:'102' != '0'
- 102
+ 0

2018-11-28 17:17:13,180 logger.py [line:43] ERROR 获取调拨单记录失败:'102' != '0'
- 102
+ 0

2018-11-28 17:17:13,196 logger.py [line:43] ERROR 审核库存盘点单失败:'102' != '0'
- 102
+ 0

2018-11-28 17:18:09,849 logger.py [line:37] INFO 新增调拨单成功
2018-11-28 17:18:10,082 logger.py [line:37] INFO 调拨单审批成功
2018-11-28 17:18:10,100 logger.py [line:43] ERROR 获取调拨单记录失败:'102' != '0'
- 102
+ 0

2018-11-28 17:18:10,119 logger.py [line:43] ERROR 审核库存盘点单失败:'102' != '0'
- 102
+ 0

2018-11-28 17:19:10,829 logger.py [line:37] INFO 新增调拨单成功
2018-11-28 17:19:10,994 logger.py [line:37] INFO 调拨单审批成功
2018-11-28 17:19:11,054 logger.py [line:37] INFO 获取调拨单记录成功
2018-11-28 17:19:11,069 logger.py [line:43] ERROR 审核库存盘点单失败:'102' != '0'
- 102
+ 0

2018-11-28 17:19:21,840 logger.py [line:37] INFO 新增调拨单成功
2018-11-28 17:19:22,002 logger.py [line:37] INFO 调拨单审批成功
2018-11-28 17:19:22,019 logger.py [line:43] ERROR 获取调拨单记录失败:'102' != '0'
- 102
+ 0

2018-11-28 17:19:22,035 logger.py [line:43] ERROR 审核库存盘点单失败:'102' != '0'
- 102
+ 0

2018-11-28 17:19:26,838 logger.py [line:37] INFO 新增调拨单成功
2018-11-28 17:19:27,004 logger.py [line:37] INFO 调拨单审批成功
2018-11-28 17:19:27,018 logger.py [line:43] ERROR 获取调拨单记录失败:'102' != '0'
- 102
+ 0

2018-11-28 17:19:27,036 logger.py [line:43] ERROR 审核库存盘点单失败:'102' != '0'
- 102
+ 0

2018-11-28 17:20:10,263 logger.py [line:37] INFO 获取调拨单记录成功
2018-11-28 18:03:54,890 logger.py [line:37] INFO 新增调拨单成功
2018-11-28 18:03:54,915 logger.py [line:43] ERROR 调拨单审批失败:'102' != '0'
- 102
+ 0

2018-11-28 18:03:54,928 logger.py [line:43] ERROR 获取调拨单记录失败:'102' != '0'
- 102
+ 0

2018-11-28 18:03:54,942 logger.py [line:43] ERROR 审核库存盘点单失败:'102' != '0'
- 102
+ 0

2018-11-28 18:04:12,843 logger.py [line:37] INFO 新增调拨单成功
2018-11-28 18:04:13,319 logger.py [line:37] INFO 调拨单审批成功
2018-11-28 18:04:13,335 logger.py [line:43] ERROR 获取调拨单记录失败:'102' != '0'
- 102
+ 0

2018-11-28 18:04:13,353 logger.py [line:43] ERROR 审核库存盘点单失败:'102' != '0'
- 102
+ 0

2018-11-28 18:08:03,400 logger.py [line:37] INFO 新增调拨单成功
2018-11-28 18:08:03,619 logger.py [line:37] INFO 调拨单审批成功
2018-11-28 18:08:03,739 logger.py [line:37] INFO 获取调拨单记录成功
2018-11-28 18:08:03,889 logger.py [line:37] INFO 审核库存盘点单成功
2018-11-28 18:10:14,864 logger.py [line:37] INFO 新增调拨单成功
2018-11-28 18:10:15,056 logger.py [line:37] INFO 调拨单审批成功
2018-11-28 18:10:15,137 logger.py [line:37] INFO 获取调拨单记录成功
2018-11-28 18:10:15,178 logger.py [line:43] ERROR 新增库存盘点单失败:'1' != '0'
- 1
+ 0

2018-11-28 18:10:15,205 logger.py [line:43] ERROR 审核库存盘点单失败:'1' != '0'
- 1
+ 0

